[12/07/25 19:13:42:186][21206][A]:(00000000): AgoraService::initializeInternal(this:0x7f16a8001c10, configEx:(engineType:0, enableAudioProcessor:1, enableAudioDevice:0, enableVideo:0, context:(nil), bitrateConstraints:(min_bitrate_bps:0, start_bitrate_bps:300000, min_bitrate_bps:0), logDir: ./agora_rtc_log/agorasdk.log, domainLimit:0))
[12/07/25 19:13:42:202][21206][A]:(00000001):   AgoraService::setLogFilter(this:0x7f16a8001c10, filters:15)
[12/07/25 19:13:42:218][21201][A]:(00000002): AgoraService::createMediaNodeFactory(this:0x7f16a8001c10, void)
[12/07/25 19:13:42:220][21201][A]:(00000003): AgoraService::createRtcConnection(this:0x7f16a8001c10, cfg:(autoSubscribeAudio:1, autoSubscribeVideo:0, enableAudioRecordingOrPlayout:0,maxSendBitrate:0, minPort:0, maxPort:0, clientRoleType:1), connId:0)
[12/07/25 19:13:42:225][21206][A]:(00000004): RtcConnectionImpl::initializeEx(this:0x7f16a8066f90, serviceCfg:(enableAudioProcessor:1, enableAudioDevice:0, enableVideo:0, context:(nil)), cfg:(autoSubscribeAudio:1, autoSubscribeVideo:0, enableAudioRecordingOrPlayout:0, maxSendBitrate:0, minPort:0, maxPort:0, clientRoleType:2, clientType:0, channelProfile:1, vosList.size:0, recvType:(audio: 0, video: 0)))
[12/07/25 19:13:42:227][21206][A]:(00000005):   LegacyEventProxy::onClientRoleChanged->onChangeRoleSuccess(this:0x7f16a8056930, oldRole:2, newRole:1, newRoleLatencyLevel:2)
[12/07/25 19:13:42:237][21206][A]:(00000006):   RtcConnectionImpl::getUserRole(this:0x7f16a8066f90, void)
[12/07/25 19:13:42:239][21206][A]:(00000007):   RtcConnectionImpl::subscribeReceivePacketHandler(this:0x7f16a8066f90, void)
[12/07/25 19:13:42:239][21201][A]:(00000008): RtcConnectionImpl::registerObserver(this:0x7f16a8066f90, observer:0x284ee230)
[12/07/25 19:13:42:240][21201][A]:(00000009): LocalUserImpl::registerLocalUserObserver(this:0x7f16a85cf3c0, observer:0x284f5f70)
[12/07/25 19:13:42:240][21201][A]:(00000010): RtcConnectionImpl::registerNetworkObserver(this:0x7f16a8066f90, observer:0x7f16b1e4f270)
[12/07/25 19:13:42:241][21201][A]:(00000011): MediaNodeFactoryImpl::createAudioPcmDataSender(this:0x7f16a8007ff0, void)
[12/07/25 19:13:42:241][21201][A]:(00000012): AgoraService::createDirectCustomAudioTrack(this:0x7f16a8001c10, audioSource:0x7f16a8a23950)
[12/07/25 19:13:42:242][21201][A]:(00000013): LocalAudioTrackPcmImpl::setEnabled(this:0x7f16a8299330, enable:1)
[12/07/25 19:13:42:242][21201][A]:(00000014): LocalAudioTrackPcmImpl::setEnabled(this:0x7f16a8299330, enable:1)
[12/07/25 19:13:42:242][21201][A]:(00000015): LocalUserImpl::setAudioScenario(this:0x7f16a85cf3c0, config:(scenario:9))
[12/07/25 19:13:42:243][21201][A]:(00000016): LocalUserImpl::setAudioEncoderConfiguration(this:0x7f16a85cf3c0, config:(audioProfile:0))
[12/07/25 19:13:42:243][21201][A]:(00000017): RtcConnectionImpl::createDataStream(this:0x7f16a8066f90, void)
[12/07/25 19:13:42:244][21201][A]:(00000018): LocalUserImpl::registerCapabilitiesObserver(this:0x7f16a85cf3c0, capabilities observer :0x28549720)
[12/07/25 19:13:42:244][21201][A]:(00000019): RtcConnectionImpl::connect(this:0x7f16a8066f90, token:"0****l", channelId:"5138256_355882098", userId:"9999")
[12/07/25 19:13:42:246][21206][A]:(00000020): RtcConnectionImpl::stopLastmileProbeTest(this:0x7f16a8066f90, void)
[12/07/25 19:13:42:247][21206][A]:(00000021): RtcConnectionImpl::setConnectionState(this:0x7f16a8066f90, state: 2)
[12/07/25 19:13:42:247][21206][A]:(00000022): LegacyEventProxy::onConnectionStateChanged->onConnecting(this:0x7f16a8056930, channel:"5138256_355882098", userId:"9999", reason:0)
[12/07/25 19:13:42:479][21206][A]:(00000023): LegacyEventProxy::onRequestToken->onTokenPrivilegeDidExpire(this:0x7f16a8056930, void)
[12/07/25 19:13:42:480][21206][A]:(00000024): RtcConnectionImpl::setConnectionState(this:0x7f16a8066f90, state: 5)
[12/07/25 19:13:42:480][21206][A]:(00000025): LegacyEventProxy::onConnectionStateChanged->onConnectionFailure(this:0x7f16a8056930, channel:"5138256_355882098", userId:"9999", reason:8)
[12/07/25 19:13:57:342][21201][A]:(00000026): AgoraService::createMediaNodeFactory(this:0x7f16a8001c10, void)
[12/07/25 19:13:57:343][21201][A]:(00000027): AgoraService::createRtcConnection(this:0x7f16a8001c10, cfg:(autoSubscribeAudio:1, autoSubscribeVideo:0, enableAudioRecordingOrPlayout:0,maxSendBitrate:0, minPort:0, maxPort:0, clientRoleType:1), connId:1)
[12/07/25 19:13:57:345][21206][A]:(00000028): RtcConnectionImpl::initializeEx(this:0x7f16a8c63e60, serviceCfg:(enableAudioProcessor:1, enableAudioDevice:0, enableVideo:0, context:(nil)), cfg:(autoSubscribeAudio:1, autoSubscribeVideo:0, enableAudioRecordingOrPlayout:0, maxSendBitrate:0, minPort:0, maxPort:0, clientRoleType:2, clientType:0, channelProfile:1, vosList.size:0, recvType:(audio: 0, video: 0)))
[12/07/25 19:13:57:345][21206][A]:(00000029):   LegacyEventProxy::onClientRoleChanged->onChangeRoleSuccess(this:0x7f16a8a23d40, oldRole:2, newRole:1, newRoleLatencyLevel:2)
[12/07/25 19:13:57:352][21206][A]:(00000030):   RtcConnectionImpl::getUserRole(this:0x7f16a8c63e60, void)
[12/07/25 19:13:57:353][21206][A]:(00000031):   RtcConnectionImpl::subscribeReceivePacketHandler(this:0x7f16a8c63e60, void)
[12/07/25 19:13:57:354][21201][A]:(00000032): RtcConnectionImpl::registerObserver(this:0x7f16a8c63e60, observer:0x284b13e0)
[12/07/25 19:13:57:354][21201][A]:(00000033): LocalUserImpl::registerLocalUserObserver(this:0x7f16a8c9da40, observer:0x28563e10)
[12/07/25 19:13:57:354][21201][A]:(00000034): RtcConnectionImpl::registerNetworkObserver(this:0x7f16a8c63e60, observer:0x7f16b1e4f270)
[12/07/25 19:13:57:354][21201][A]:(00000035): MediaNodeFactoryImpl::createAudioPcmDataSender(this:0x7f16a8007ff0, void)
[12/07/25 19:13:57:354][21201][A]:(00000036): AgoraService::createDirectCustomAudioTrack(this:0x7f16a8001c10, audioSource:0x28567c90)
[12/07/25 19:13:57:354][21201][A]:(00000037): LocalAudioTrackPcmImpl::setEnabled(this:0x7f16a8f40f00, enable:1)
[12/07/25 19:13:57:354][21201][A]:(00000038): LocalAudioTrackPcmImpl::setEnabled(this:0x7f16a8f40f00, enable:1)
[12/07/25 19:13:57:354][21201][A]:(00000039): LocalUserImpl::setAudioScenario(this:0x7f16a8c9da40, config:(scenario:9))
[12/07/25 19:13:57:355][21201][A]:(00000040): LocalUserImpl::setAudioEncoderConfiguration(this:0x7f16a8c9da40, config:(audioProfile:0))
[12/07/25 19:13:57:355][21201][A]:(00000041): RtcConnectionImpl::createDataStream(this:0x7f16a8c63e60, void)
[12/07/25 19:13:57:355][21201][A]:(00000042): LocalUserImpl::registerCapabilitiesObserver(this:0x7f16a8c9da40, capabilities observer :0x2857b050)
[12/07/25 19:13:57:355][21201][A]:(00000043): RtcConnectionImpl::connect(this:0x7f16a8c63e60, token:"0****l", channelId:"5138256_355882098", userId:"9999")
[12/07/25 19:13:57:357][21206][A]:(00000044): RtcConnectionImpl::stopLastmileProbeTest(this:0x7f16a8c63e60, void)
[12/07/25 19:13:57:358][21206][A]:(00000045): RtcConnectionImpl::setConnectionState(this:0x7f16a8c63e60, state: 2)
[12/07/25 19:13:57:358][21206][A]:(00000046): LegacyEventProxy::onConnectionStateChanged->onConnecting(this:0x7f16a8a23d40, channel:"5138256_355882098", userId:"9999", reason:0)
[12/07/25 19:13:57:535][21206][A]:(00000047): LegacyEventProxy::onRequestToken->onTokenPrivilegeDidExpire(this:0x7f16a8a23d40, void)
[12/07/25 19:13:57:536][21206][A]:(00000048): RtcConnectionImpl::setConnectionState(this:0x7f16a8c63e60, state: 5)
[12/07/25 19:13:57:536][21206][A]:(00000049): LegacyEventProxy::onConnectionStateChanged->onConnectionFailure(this:0x7f16a8a23d40, channel:"5138256_355882098", userId:"9999", reason:8)
[12/07/25 19:14:08:960][21201][A]:(00000050): AgoraService::createMediaNodeFactory(this:0x7f16a8001c10, void)
[12/07/25 19:14:08:961][21201][A]:(00000051): AgoraService::createRtcConnection(this:0x7f16a8001c10, cfg:(autoSubscribeAudio:1, autoSubscribeVideo:0, enableAudioRecordingOrPlayout:0,maxSendBitrate:0, minPort:0, maxPort:0, clientRoleType:1), connId:2)
[12/07/25 19:14:08:964][21206][A]:(00000052): RtcConnectionImpl::initializeEx(this:0x7f16a924cc00, serviceCfg:(enableAudioProcessor:1, enableAudioDevice:0, enableVideo:0, context:(nil)), cfg:(autoSubscribeAudio:1, autoSubscribeVideo:0, enableAudioRecordingOrPlayout:0, maxSendBitrate:0, minPort:0, maxPort:0, clientRoleType:2, clientType:0, channelProfile:1, vosList.size:0, recvType:(audio: 0, video: 0)))
[12/07/25 19:14:08:964][21206][A]:(00000053):   LegacyEventProxy::onClientRoleChanged->onChangeRoleSuccess(this:0x7f16a9235e50, oldRole:2, newRole:1, newRoleLatencyLevel:2)
[12/07/25 19:14:08:974][21206][A]:(00000054):   RtcConnectionImpl::getUserRole(this:0x7f16a924cc00, ... (ignore to avoid too many logs))
[12/07/25 19:14:08:975][21206][A]:(00000055):   RtcConnectionImpl::subscribeReceivePacketHandler(this:0x7f16a924cc00, void)
[12/07/25 19:14:08:975][21201][A]:(00000056): RtcConnectionImpl::registerObserver(this:0x7f16a924cc00, observer:0x2859b020)
[12/07/25 19:14:08:975][21201][A]:(00000057): LocalUserImpl::registerLocalUserObserver(this:0x7f16a92cd770, observer:0x285c9300)
[12/07/25 19:14:08:976][21201][A]:(00000058): RtcConnectionImpl::registerNetworkObserver(this:0x7f16a924cc00, observer:0x7f16b1e4f270)
[12/07/25 19:14:08:976][21201][A]:(00000059): MediaNodeFactoryImpl::createAudioPcmDataSender(this:0x7f16a8007ff0, void)
[12/07/25 19:14:08:976][21201][A]:(00000060): AgoraService::createDirectCustomAudioTrack(this:0x7f16a8001c10, audioSource:0x285f9d10)
[12/07/25 19:14:08:976][21201][A]:(00000061): LocalAudioTrackPcmImpl::setEnabled(this:0x7f16a80578d0, enable:1)
[12/07/25 19:14:08:976][21201][A]:(00000062): LocalAudioTrackPcmImpl::setEnabled(this:0x7f16a80578d0, enable:1)
[12/07/25 19:14:08:976][21201][A]:(00000063): LocalUserImpl::setAudioScenario(this:0x7f16a92cd770, config:(scenario:9))
[12/07/25 19:14:08:976][21201][A]:(00000064): LocalUserImpl::setAudioEncoderConfiguration(this:0x7f16a92cd770, config:(audioProfile:0))
[12/07/25 19:14:08:976][21201][A]:(00000065): RtcConnectionImpl::createDataStream(this:0x7f16a924cc00, void)
[12/07/25 19:14:08:977][21201][A]:(00000066): LocalUserImpl::registerCapabilitiesObserver(this:0x7f16a92cd770, capabilities observer :0x28583320)
[12/07/25 19:14:08:978][21201][A]:(00000067): RtcConnectionImpl::connect(this:0x7f16a924cc00, token:"0****l", channelId:"5138256_355882098", userId:"9999")
[12/07/25 19:14:08:979][21206][A]:(00000068): RtcConnectionImpl::stopLastmileProbeTest(this:0x7f16a924cc00, void)
[12/07/25 19:14:08:980][21206][A]:(00000069): RtcConnectionImpl::setConnectionState(this:0x7f16a924cc00, state: 2)
[12/07/25 19:14:08:980][21206][A]:(00000070): LegacyEventProxy::onConnectionStateChanged->onConnecting(this:0x7f16a9235e50, channel:"5138256_355882098", userId:"9999", reason:0)
[12/07/25 19:21:43:783][22022][A]:(00000000): AgoraService::initializeInternal(this:0x7fb3a8001c10, configEx:(engineType:0, enableAudioProcessor:1, enableAudioDevice:0, enableVideo:0, context:(nil), bitrateConstraints:(min_bitrate_bps:0, start_bitrate_bps:300000, min_bitrate_bps:0), logDir: ./agora_rtc_log/agorasdk.log, domainLimit:0))
[12/07/25 19:21:43:794][22022][A]:(00000001):   AgoraService::setLogFilter(this:0x7fb3a8001c10, filters:15)
[12/07/25 19:21:43:803][22017][A]:(00000002): AgoraService::createMediaNodeFactory(this:0x7fb3a8001c10, void)
[12/07/25 19:21:43:804][22017][A]:(00000003): AgoraService::createRtcConnection(this:0x7fb3a8001c10, cfg:(autoSubscribeAudio:1, autoSubscribeVideo:0, enableAudioRecordingOrPlayout:0,maxSendBitrate:0, minPort:0, maxPort:0, clientRoleType:1), connId:0)
[12/07/25 19:21:43:808][22022][A]:(00000004): RtcConnectionImpl::initializeEx(this:0x7fb3a807c460, serviceCfg:(enableAudioProcessor:1, enableAudioDevice:0, enableVideo:0, context:(nil)), cfg:(autoSubscribeAudio:1, autoSubscribeVideo:0, enableAudioRecordingOrPlayout:0, maxSendBitrate:0, minPort:0, maxPort:0, clientRoleType:2, clientType:0, channelProfile:1, vosList.size:0, recvType:(audio: 0, video: 0)))
[12/07/25 19:21:43:810][22022][A]:(00000005):   LegacyEventProxy::onClientRoleChanged->onChangeRoleSuccess(this:0x7fb3a846fd10, oldRole:2, newRole:1, newRoleLatencyLevel:2)
[12/07/25 19:21:43:818][22022][A]:(00000006):   RtcConnectionImpl::getUserRole(this:0x7fb3a807c460, void)
[12/07/25 19:21:43:820][22022][A]:(00000007):   RtcConnectionImpl::subscribeReceivePacketHandler(this:0x7fb3a807c460, void)
[12/07/25 19:21:43:820][22017][A]:(00000008): RtcConnectionImpl::registerObserver(this:0x7fb3a807c460, observer:0x6997f00)
[12/07/25 19:21:43:822][22017][A]:(00000009): LocalUserImpl::registerLocalUserObserver(this:0x7fb3a85d0e80, observer:0x699fc40)
[12/07/25 19:21:43:822][22017][A]:(00000010): RtcConnectionImpl::registerNetworkObserver(this:0x7fb3a807c460, observer:0x7fb3b2e4f270)
[12/07/25 19:21:43:822][22017][A]:(00000011): MediaNodeFactoryImpl::createAudioPcmDataSender(this:0x7fb3a8007ff0, void)
[12/07/25 19:21:43:822][22017][A]:(00000012): AgoraService::createDirectCustomAudioTrack(this:0x7fb3a8001c10, audioSource:0x7fb3a806da60)
[12/07/25 19:21:43:823][22017][A]:(00000013): LocalAudioTrackPcmImpl::setEnabled(this:0x7fb3a85d6a90, enable:1)
[12/07/25 19:21:43:823][22017][A]:(00000014): LocalAudioTrackPcmImpl::setEnabled(this:0x7fb3a85d6a90, enable:1)
[12/07/25 19:21:43:823][22017][A]:(00000015): LocalUserImpl::setAudioScenario(this:0x7fb3a85d0e80, config:(scenario:9))
[12/07/25 19:21:43:823][22017][A]:(00000016): LocalUserImpl::setAudioEncoderConfiguration(this:0x7fb3a85d0e80, config:(audioProfile:0))
[12/07/25 19:21:43:823][22017][A]:(00000017): RtcConnectionImpl::createDataStream(this:0x7fb3a807c460, void)
[12/07/25 19:21:43:824][22017][A]:(00000018): LocalUserImpl::registerCapabilitiesObserver(this:0x7fb3a85d0e80, capabilities observer :0x69021b0)
[12/07/25 19:21:43:825][22017][A]:(00000019): RtcConnectionImpl::connect(this:0x7fb3a807c460, token:"0****l", channelId:"5138256_355882098", userId:"9999")
[12/07/25 19:21:43:827][22022][A]:(00000020): RtcConnectionImpl::stopLastmileProbeTest(this:0x7fb3a807c460, void)
[12/07/25 19:21:43:828][22022][A]:(00000021): RtcConnectionImpl::setConnectionState(this:0x7fb3a807c460, state: 2)
[12/07/25 19:21:43:828][22022][A]:(00000022): LegacyEventProxy::onConnectionStateChanged->onConnecting(this:0x7fb3a846fd10, channel:"5138256_355882098", userId:"9999", reason:0)
[12/07/25 19:21:44:000][22022][A]:(00000023): LegacyEventProxy::onRequestToken->onTokenPrivilegeDidExpire(this:0x7fb3a846fd10, void)
[12/07/25 19:21:44:000][22022][A]:(00000024): RtcConnectionImpl::setConnectionState(this:0x7fb3a807c460, state: 5)
[12/07/25 19:21:44:000][22022][A]:(00000025): LegacyEventProxy::onConnectionStateChanged->onConnectionFailure(this:0x7fb3a846fd10, channel:"5138256_355882098", userId:"9999", reason:8)
[12/07/25 19:21:58:273][22017][A]:(00000026): AgoraService::createMediaNodeFactory(this:0x7fb3a8001c10, void)
[12/07/25 19:21:58:274][22017][A]:(00000027): AgoraService::createRtcConnection(this:0x7fb3a8001c10, cfg:(autoSubscribeAudio:1, autoSubscribeVideo:0, enableAudioRecordingOrPlayout:0,maxSendBitrate:0, minPort:0, maxPort:0, clientRoleType:1), connId:1)
[12/07/25 19:21:58:276][22022][A]:(00000028): RtcConnectionImpl::initializeEx(this:0x7fb3a8cf5f20, serviceCfg:(enableAudioProcessor:1, enableAudioDevice:0, enableVideo:0, context:(nil)), cfg:(autoSubscribeAudio:1, autoSubscribeVideo:0, enableAudioRecordingOrPlayout:0, maxSendBitrate:0, minPort:0, maxPort:0, clientRoleType:2, clientType:0, channelProfile:1, vosList.size:0, recvType:(audio: 0, video: 0)))
[12/07/25 19:21:58:276][22022][A]:(00000029):   LegacyEventProxy::onClientRoleChanged->onChangeRoleSuccess(this:0x7fb3a85e1320, oldRole:2, newRole:1, newRoleLatencyLevel:2)
[12/07/25 19:21:58:289][22022][A]:(00000030):   RtcConnectionImpl::getUserRole(this:0x7fb3a8cf5f20, void)
[12/07/25 19:21:58:291][22022][A]:(00000031):   RtcConnectionImpl::subscribeReceivePacketHandler(this:0x7fb3a8cf5f20, void)
[12/07/25 19:21:58:291][22017][A]:(00000032): RtcConnectionImpl::registerObserver(this:0x7fb3a8cf5f20, observer:0x6aadbc0)
[12/07/25 19:21:58:293][22017][A]:(00000033): LocalUserImpl::registerLocalUserObserver(this:0x7fb3a8bdadb0, observer:0x6a16e80)
[12/07/25 19:21:58:293][22017][A]:(00000034): RtcConnectionImpl::registerNetworkObserver(this:0x7fb3a8cf5f20, observer:0x7fb3b2e4f270)
[12/07/25 19:21:58:293][22017][A]:(00000035): MediaNodeFactoryImpl::createAudioPcmDataSender(this:0x7fb3a8007ff0, void)
[12/07/25 19:21:58:293][22017][A]:(00000036): AgoraService::createDirectCustomAudioTrack(this:0x7fb3a8001c10, audioSource:0x6a71b40)
[12/07/25 19:21:58:294][22017][A]:(00000037): LocalAudioTrackPcmImpl::setEnabled(this:0x7fb3a807f2e0, enable:1)
[12/07/25 19:21:58:294][22017][A]:(00000038): LocalAudioTrackPcmImpl::setEnabled(this:0x7fb3a807f2e0, enable:1)
[12/07/25 19:21:58:294][22017][A]:(00000039): LocalUserImpl::setAudioScenario(this:0x7fb3a8bdadb0, config:(scenario:9))
[12/07/25 19:21:58:294][22017][A]:(00000040): LocalUserImpl::setAudioEncoderConfiguration(this:0x7fb3a8bdadb0, config:(audioProfile:0))
[12/07/25 19:21:58:294][22017][A]:(00000041): RtcConnectionImpl::createDataStream(this:0x7fb3a8cf5f20, void)
[12/07/25 19:21:58:296][22017][A]:(00000042): LocalUserImpl::registerCapabilitiesObserver(this:0x7fb3a8bdadb0, capabilities observer :0x6a40550)
[12/07/25 19:21:58:296][22017][A]:(00000043): RtcConnectionImpl::connect(this:0x7fb3a8cf5f20, token:"0****l", channelId:"5138256_355882098", userId:"9999")
[12/07/25 19:21:58:301][22022][A]:(00000044): RtcConnectionImpl::stopLastmileProbeTest(this:0x7fb3a8cf5f20, void)
[12/07/25 19:21:58:304][22022][A]:(00000045): RtcConnectionImpl::setConnectionState(this:0x7fb3a8cf5f20, state: 2)
[12/07/25 19:21:58:304][22022][A]:(00000046): LegacyEventProxy::onConnectionStateChanged->onConnecting(this:0x7fb3a85e1320, channel:"5138256_355882098", userId:"9999", reason:0)
[12/07/25 19:21:58:680][22022][A]:(00000047): LegacyEventProxy::onRequestToken->onTokenPrivilegeDidExpire(this:0x7fb3a85e1320, void)
[12/07/25 19:21:58:681][22022][A]:(00000048): RtcConnectionImpl::setConnectionState(this:0x7fb3a8cf5f20, state: 5)
[12/07/25 19:21:58:681][22022][A]:(00000049): LegacyEventProxy::onConnectionStateChanged->onConnectionFailure(this:0x7fb3a85e1320, channel:"5138256_355882098", userId:"9999", reason:8)
[12/07/25 19:26:44:907][23235][A]:(00000000): AgoraService::initializeInternal(this:0x7f3760001c10, configEx:(engineType:0, enableAudioProcessor:1, enableAudioDevice:0, enableVideo:0, context:(nil), bitrateConstraints:(min_bitrate_bps:0, start_bitrate_bps:300000, min_bitrate_bps:0), logDir: ./agora_rtc_log/agorasdk.log, domainLimit:0))
[12/07/25 19:26:44:996][23235][A]:(00000001):   AgoraService::setLogFilter(this:0x7f3760001c10, filters:15)
[12/07/25 19:26:45:080][23231][A]:(00000002): AgoraService::createMediaNodeFactory(this:0x7f3760001c10, void)
[12/07/25 19:26:45:101][23231][A]:(00000003): AgoraService::createRtcConnection(this:0x7f3760001c10, cfg:(autoSubscribeAudio:1, autoSubscribeVideo:0, enableAudioRecordingOrPlayout:0,maxSendBitrate:0, minPort:0, maxPort:0, clientRoleType:1), connId:0)
[12/07/25 19:26:45:114][23235][A]:(00000004): RtcConnectionImpl::initializeEx(this:0x7f376006f200, serviceCfg:(enableAudioProcessor:1, enableAudioDevice:0, enableVideo:0, context:(nil)), cfg:(autoSubscribeAudio:1, autoSubscribeVideo:0, enableAudioRecordingOrPlayout:0, maxSendBitrate:0, minPort:0, maxPort:0, clientRoleType:2, clientType:0, channelProfile:1, vosList.size:0, recvType:(audio: 0, video: 0)))
[12/07/25 19:26:45:133][23235][A]:(00000005):   LegacyEventProxy::onClientRoleChanged->onChangeRoleSuccess(this:0x2bb3f7c0, oldRole:2, newRole:1, newRoleLatencyLevel:2)
[12/07/25 19:26:45:205][23235][A]:(00000006):   RtcConnectionImpl::getUserRole(this:0x7f376006f200, void)
[12/07/25 19:26:45:223][23235][A]:(00000007):   RtcConnectionImpl::subscribeReceivePacketHandler(this:0x7f376006f200, void)
[12/07/25 19:26:45:224][23231][A]:(00000008): RtcConnectionImpl::registerObserver(this:0x7f376006f200, observer:0x2c056100)
[12/07/25 19:26:45:232][23231][A]:(00000009): LocalUserImpl::registerLocalUserObserver(this:0x7f37605ddbe0, observer:0x2c05de40)
[12/07/25 19:26:45:232][23231][A]:(00000010): RtcConnectionImpl::registerNetworkObserver(this:0x7f376006f200, observer:0x7f376a84f270)
[12/07/25 19:26:45:235][23231][A]:(00000011): MediaNodeFactoryImpl::createAudioPcmDataSender(this:0x7f3760007ff0, void)
[12/07/25 19:26:45:236][23231][A]:(00000012): AgoraService::createDirectCustomAudioTrack(this:0x7f3760001c10, audioSource:0x7f3760a91cf0)
[12/07/25 19:26:45:241][23231][A]:(00000013): LocalAudioTrackPcmImpl::setEnabled(this:0x7f37600593f0, enable:1)
[12/07/25 19:26:45:242][23231][A]:(00000014): LocalAudioTrackPcmImpl::setEnabled(this:0x7f37600593f0, enable:1)
[12/07/25 19:26:45:243][23231][A]:(00000015): LocalUserImpl::setAudioScenario(this:0x7f37605ddbe0, config:(scenario:9))
[12/07/25 19:26:45:244][23231][A]:(00000016): LocalUserImpl::setAudioEncoderConfiguration(this:0x7f37605ddbe0, config:(audioProfile:0))
[12/07/25 19:26:45:245][23231][A]:(00000017): RtcConnectionImpl::createDataStream(this:0x7f376006f200, void)
[12/07/25 19:26:45:252][23231][A]:(00000018): LocalUserImpl::registerCapabilitiesObserver(this:0x7f37605ddbe0, capabilities observer :0x2c0e7220)
[12/07/25 19:26:45:253][23231][A]:(00000019): RtcConnectionImpl::connect(this:0x7f376006f200, token:"****", channelId:"test_channel", userId:"12345")
[12/07/25 19:26:45:254][23231][A]:(00000020): LocalUserImpl::unpublishAudio(this:0x7f37605ddbe0, audioTrack:0x7f37600593f0)
[12/07/25 19:26:45:255][23231][A]:(00000021): RtcConnectionImpl::disconnect(this:0x7f376006f200, void)
[12/07/25 19:34:51:755][23655][A]:(00000000): AgoraService::initializeInternal(this:0x7f554c001c10, configEx:(engineType:0, enableAudioProcessor:1, enableAudioDevice:0, enableVideo:0, context:(nil), bitrateConstraints:(min_bitrate_bps:0, start_bitrate_bps:300000, min_bitrate_bps:0), logDir: ./agora_rtc_log/agorasdk.log, domainLimit:0))
[12/07/25 19:34:51:767][23655][A]:(00000001):   AgoraService::setLogFilter(this:0x7f554c001c10, filters:15)
[12/07/25 19:34:51:776][23650][A]:(00000002): AgoraService::createMediaNodeFactory(this:0x7f554c001c10, void)
[12/07/25 19:34:51:778][23650][A]:(00000003): AgoraService::createRtcConnection(this:0x7f554c001c10, cfg:(autoSubscribeAudio:1, autoSubscribeVideo:0, enableAudioRecordingOrPlayout:0,maxSendBitrate:0, minPort:0, maxPort:0, clientRoleType:1), connId:0)
[12/07/25 19:34:51:782][23655][A]:(00000004): RtcConnectionImpl::initializeEx(this:0x7f554c06a6a0, serviceCfg:(enableAudioProcessor:1, enableAudioDevice:0, enableVideo:0, context:(nil)), cfg:(autoSubscribeAudio:1, autoSubscribeVideo:0, enableAudioRecordingOrPlayout:0, maxSendBitrate:0, minPort:0, maxPort:0, clientRoleType:2, clientType:0, channelProfile:1, vosList.size:0, recvType:(audio: 0, video: 0)))
[12/07/25 19:34:51:783][23655][A]:(00000005):   LegacyEventProxy::onClientRoleChanged->onChangeRoleSuccess(this:0x7f554c2a7560, oldRole:2, newRole:1, newRoleLatencyLevel:2)
[12/07/25 19:34:51:791][23655][A]:(00000006):   RtcConnectionImpl::getUserRole(this:0x7f554c06a6a0, void)
[12/07/25 19:34:51:793][23655][A]:(00000007):   RtcConnectionImpl::subscribeReceivePacketHandler(this:0x7f554c06a6a0, void)
[12/07/25 19:34:51:793][23650][A]:(00000008): RtcConnectionImpl::registerObserver(this:0x7f554c06a6a0, observer:0x1ec18cc0)
[12/07/25 19:34:51:794][23650][A]:(00000009): LocalUserImpl::registerLocalUserObserver(this:0x7f554c5d60b0, observer:0x1ec8b380)
[12/07/25 19:34:51:794][23650][A]:(00000010): RtcConnectionImpl::registerNetworkObserver(this:0x7f554c06a6a0, observer:0x7f5553e4f270)
[12/07/25 19:34:51:795][23650][A]:(00000011): MediaNodeFactoryImpl::createAudioPcmDataSender(this:0x7f554c007ff0, void)
[12/07/25 19:34:51:795][23650][A]:(00000012): AgoraService::createDirectCustomAudioTrack(this:0x7f554c001c10, audioSource:0x7f554c070cb0)
[12/07/25 19:34:51:796][23650][A]:(00000013): LocalAudioTrackPcmImpl::setEnabled(this:0x7f554c05d3c0, enable:1)
[12/07/25 19:34:51:796][23650][A]:(00000014): LocalAudioTrackPcmImpl::setEnabled(this:0x7f554c05d3c0, enable:1)
[12/07/25 19:34:51:796][23650][A]:(00000015): LocalUserImpl::setAudioScenario(this:0x7f554c5d60b0, config:(scenario:9))
[12/07/25 19:34:51:796][23650][A]:(00000016): LocalUserImpl::setAudioEncoderConfiguration(this:0x7f554c5d60b0, config:(audioProfile:0))
[12/07/25 19:34:51:796][23650][A]:(00000017): RtcConnectionImpl::createDataStream(this:0x7f554c06a6a0, void)
[12/07/25 19:34:51:798][23650][A]:(00000018): LocalUserImpl::registerCapabilitiesObserver(this:0x7f554c5d60b0, capabilities observer :0x1ec7cca0)
[12/07/25 19:34:51:798][23650][A]:(00000019): RtcConnectionImpl::connect(this:0x7f554c06a6a0, token:"0****l", channelId:"5138256_355882098", userId:"9999")
[12/07/25 19:34:51:800][23655][A]:(00000020): RtcConnectionImpl::stopLastmileProbeTest(this:0x7f554c06a6a0, void)
[12/07/25 19:34:51:801][23655][A]:(00000021): RtcConnectionImpl::setConnectionState(this:0x7f554c06a6a0, state: 2)
[12/07/25 19:34:51:801][23655][A]:(00000022): LegacyEventProxy::onConnectionStateChanged->onConnecting(this:0x7f554c2a7560, channel:"5138256_355882098", userId:"9999", reason:0)
[12/07/25 19:34:52:005][23655][A]:(00000023): LegacyEventProxy::onRequestToken->onTokenPrivilegeDidExpire(this:0x7f554c2a7560, void)
[12/07/25 19:34:52:006][23655][A]:(00000024): RtcConnectionImpl::setConnectionState(this:0x7f554c06a6a0, state: 5)
[12/07/25 19:34:52:006][23655][A]:(00000025): LegacyEventProxy::onConnectionStateChanged->onConnectionFailure(this:0x7f554c2a7560, channel:"5138256_355882098", userId:"9999", reason:8)
[12/07/25 19:39:29:400][23650][A]:(00000026): LocalUserImpl::unpublishAudio(this:0x7f554c5d60b0, audioTrack:0x7f554c05d3c0)
[12/07/25 19:39:29:400][23650][A]:(00000027): RtcConnectionImpl::disconnect(this:0x7f554c06a6a0, void)
[12/07/25 19:39:29:401][23655][A]:(00000028): RtcConnectionImpl::setConnectionState(this:0x7f554c06a6a0, state: 1)
[12/07/25 19:39:29:401][23655][A]:(00000029): LegacyEventProxy::onConnectionStateChanged->onDisconnected(this:0x7f554c2a7560, channel:"5138256_355882098", userId:"9999", reason:5)
[12/07/25 19:39:39:803][24073][A]:(00000000): AgoraService::initializeInternal(this:0x7fe524001c10, configEx:(engineType:0, enableAudioProcessor:1, enableAudioDevice:0, enableVideo:0, context:(nil), bitrateConstraints:(min_bitrate_bps:0, start_bitrate_bps:300000, min_bitrate_bps:0), logDir: ./agora_rtc_log/agorasdk.log, domainLimit:0))
[12/07/25 19:39:39:896][24073][A]:(00000001):   AgoraService::setLogFilter(this:0x7fe524001c10, filters:15)
[12/07/25 19:39:39:972][24068][A]:(00000002): AgoraService::createMediaNodeFactory(this:0x7fe524001c10, void)
[12/07/25 19:39:40:005][24068][A]:(00000003): AgoraService::release(this:0x7fe524001c10, void)
[12/07/25 19:39:40:005][24073][A]:(00000004): AgoraService::~AgoraService(this:0x7fe524001c10, void)
[12/07/25 19:39:48:417][24133][A]:(00000000): AgoraService::initializeInternal(this:0x7fbbd8001c10, configEx:(engineType:0, enableAudioProcessor:1, enableAudioDevice:0, enableVideo:0, context:(nil), bitrateConstraints:(min_bitrate_bps:0, start_bitrate_bps:300000, min_bitrate_bps:0), logDir: ./agora_rtc_log/agorasdk.log, domainLimit:0))
[12/07/25 19:39:48:499][24133][A]:(00000001):   AgoraService::setLogFilter(this:0x7fbbd8001c10, filters:15)
[12/07/25 19:39:48:577][24127][A]:(00000002): AgoraService::createMediaNodeFactory(this:0x7fbbd8001c10, void)
[12/07/25 19:39:48:596][24127][A]:(00000003): AgoraService::createRtcConnection(this:0x7fbbd8001c10, cfg:(autoSubscribeAudio:1, autoSubscribeVideo:0, enableAudioRecordingOrPlayout:0,maxSendBitrate:0, minPort:0, maxPort:0, clientRoleType:1), connId:0)
[12/07/25 19:39:48:611][24133][A]:(00000004): RtcConnectionImpl::initializeEx(this:0x7fbbd808e280, serviceCfg:(enableAudioProcessor:1, enableAudioDevice:0, enableVideo:0, context:(nil)), cfg:(autoSubscribeAudio:1, autoSubscribeVideo:0, enableAudioRecordingOrPlayout:0, maxSendBitrate:0, minPort:0, maxPort:0, clientRoleType:2, clientType:0, channelProfile:1, vosList.size:0, recvType:(audio: 0, video: 0)))
[12/07/25 19:39:48:628][24133][A]:(00000005):   LegacyEventProxy::onClientRoleChanged->onChangeRoleSuccess(this:0x7fbbd8074150, oldRole:2, newRole:1, newRoleLatencyLevel:2)
[12/07/25 19:39:48:694][24133][A]:(00000006):   RtcConnectionImpl::getUserRole(this:0x7fbbd808e280, void)
[12/07/25 19:39:48:711][24133][A]:(00000007):   RtcConnectionImpl::subscribeReceivePacketHandler(this:0x7fbbd808e280, void)
[12/07/25 19:39:48:712][24127][A]:(00000008): RtcConnectionImpl::registerObserver(this:0x7fbbd808e280, observer:0x3f8d5e60)
[12/07/25 19:39:48:723][24127][A]:(00000009): LocalUserImpl::registerLocalUserObserver(this:0x7fbbd85d52e0, observer:0x3f8ddba0)
[12/07/25 19:39:48:724][24127][A]:(00000010): RtcConnectionImpl::registerNetworkObserver(this:0x7fbbd808e280, observer:0x7fbbe144f270)
[12/07/25 19:39:48:727][24127][A]:(00000011): MediaNodeFactoryImpl::createAudioPcmDataSender(this:0x7fbbd8007ff0, void)
[12/07/25 19:39:48:728][24127][A]:(00000012): AgoraService::createDirectCustomAudioTrack(this:0x7fbbd8001c10, audioSource:0x7fbbd8aa9580)
[12/07/25 19:39:48:732][24127][A]:(00000013): LocalAudioTrackPcmImpl::setEnabled(this:0x7fbbd889e4f0, enable:1)
[12/07/25 19:39:48:733][24127][A]:(00000014): LocalAudioTrackPcmImpl::setEnabled(this:0x7fbbd889e4f0, enable:1)
[12/07/25 19:39:48:734][24127][A]:(00000015): LocalUserImpl::setAudioScenario(this:0x7fbbd85d52e0, config:(scenario:9))
[12/07/25 19:39:48:735][24127][A]:(00000016): LocalUserImpl::setAudioEncoderConfiguration(this:0x7fbbd85d52e0, config:(audioProfile:0))
[12/07/25 19:39:48:736][24127][A]:(00000017): RtcConnectionImpl::createDataStream(this:0x7fbbd808e280, void)
[12/07/25 19:39:48:742][24127][A]:(00000018): LocalUserImpl::registerCapabilitiesObserver(this:0x7fbbd85d52e0, capabilities observer :0x3f93c6b0)
[12/07/25 19:39:48:745][24127][A]:(00000019): RtcConnectionImpl::connect(this:0x7fbbd808e280, token:"****", channelId:"test_channel", userId:"12345")
[12/07/25 19:39:48:770][24133][A]:(00000020): RtcConnectionImpl::stopLastmileProbeTest(this:0x7fbbd808e280, void)
[12/07/25 19:39:48:777][24133][A]:(00000021): RtcConnectionImpl::setConnectionState(this:0x7fbbd808e280, state: 2)
[12/07/25 19:39:48:777][24133][A]:(00000022): LegacyEventProxy::onConnectionStateChanged->onConnecting(this:0x7fbbd8074150, channel:"test_channel", userId:"12345", reason:0)
[12/07/25 19:39:48:967][24133][A]:(00000023): RtcEngine::setParametersByTds(this:0x7fbbd848dac0, {"parameters":{"engine.video.hw_decoder_fallback_config":{"decode_time_delay_thres_audience":2000}}})
[12/07/25 19:39:48:967][24133][A]:(00000024): RtcEngine::setParametersByTds(this:0x7fbbd848dac0, {"parameters":{"rtc.common_resource.disable":true}})
[12/07/25 19:39:48:968][24133][A]:(00000025): RtcEngine::setParametersByTds(this:0x7fbbd848dac0, {"parameters":{}})
[12/07/25 19:39:48:968][24133][A]:(00000026): RtcEngine::setParametersByTds(this:0x7fbbd848dac0, {"parameters":{"rtc.ip_global_area":["150.136.108.158","129.146.188.240","148.153.48.240","2600:1f18:64ea:9401:50:17:126:121","2600:1f1c:9be:1702:52:52:84:170"]}})
[12/07/25 19:39:48:968][24133][A]:(00000027): RtcEngine::setParametersByTds(this:0x7fbbd848dac0, {"parameters":{"rtc.switch_to_rq":"1000 1000 1000 1000 1000 1000 1000"}})
[12/07/25 19:39:48:989][24133][A]:(00000028): LegacyEventProxy::onRequestToken->onTokenPrivilegeDidExpire(this:0x7fbbd8074150, void)
[12/07/25 19:39:48:994][24133][A]:(00000029): RtcConnectionImpl::setConnectionState(this:0x7fbbd808e280, state: 5)
[12/07/25 19:39:48:994][24133][A]:(00000030): LegacyEventProxy::onConnectionStateChanged->onConnectionFailure(this:0x7fbbd8074150, channel:"test_channel", userId:"12345", reason:8)
[12/07/25 19:39:49:070][24127][A]:(00000031): LocalUserImpl::unpublishAudio(this:0x7fbbd85d52e0, audioTrack:0x7fbbd889e4f0)
[12/07/25 19:39:49:071][24127][A]:(00000032): RtcConnectionImpl::disconnect(this:0x7fbbd808e280, void)
[12/07/25 19:39:49:072][24127][A]:(00000033): LocalUserImpl::unRegisterCapabilitiesObserver(this:0x7fbbd85d52e0, capabilities observer:0x3f93c6b0)
[12/07/25 19:39:49:074][24127][A]:(00000034): RtcConnectionImpl::unregisterObserver(this:0x7fbbd808e280, observer:0x3f8d5e60)
[12/07/25 19:39:49:076][24133][A]:(00000035): RtcConnectionImpl::setConnectionState(this:0x7fbbd808e280, state: 1)
[12/07/25 19:39:49:076][24133][A]:(00000036): LegacyEventProxy::onConnectionStateChanged->onDisconnected(this:0x7fbbd8074150, channel:"test_channel", userId:"12345", reason:5)
[12/07/25 19:39:49:087][24127][A]:(00000037): LocalUserImpl::unregisterLocalUserObserver(this:0x7fbbd85d52e0, observer:0x3f8ddba0)
[12/07/25 19:39:49:088][24127][A]:(00000038): RtcConnectionImpl::unregisterNetworkObserver(this:0x7fbbd808e280, observer:0x7fbbe144f270)
[12/07/25 19:39:49:089][24133][A]:(00000039): RtcConnectionImpl::unsubscribeReceivePacketHandler(this:0x7fbbd808e280, void)
[12/07/25 19:39:49:091][24127][A]:(00000040): AgoraService::release(this:0x7fbbd8001c10, void)
[12/07/25 19:39:49:095][24133][A]:(00000041): RtcConnectionImpl::stopService(this:0x7fbbd808e280, waitForAll:0)
[12/07/25 19:39:49:096][24133][A]:(00000042): LocalAudioTrackImpl::enableLocalPlayback(this:0x7fbbd889e4f0, enable:0, sync:1)
[12/07/25 19:39:49:096][24133][A]:(00000043): LocalAudioTrackPcmImpl::disableLocalPlayback(this:0x7fbbd889e4f0, void)
[12/07/25 19:39:49:098][24133][A]:(00000044): AgoraService::~AgoraService(this:0x7fbbd8001c10, void)
[12/08/25 08:08:03:833][2502][A]:(00000000): AgoraService::initializeInternal(this:0x7fbdec001c10, configEx:(engineType:0, enableAudioProcessor:1, enableAudioDevice:0, enableVideo:0, context:(nil), bitrateConstraints:(min_bitrate_bps:0, start_bitrate_bps:300000, min_bitrate_bps:0), logDir: ./agora_rtc_log/agorasdk.log, domainLimit:0))
[12/08/25 08:08:03:849][2502][A]:(00000001):   AgoraService::setLogFilter(this:0x7fbdec001c10, filters:15)
[12/08/25 08:08:03:861][2497][A]:(00000002): AgoraService::createMediaNodeFactory(this:0x7fbdec001c10, void)
[12/08/25 08:08:03:864][2497][A]:(00000003): AgoraService::createRtcConnection(this:0x7fbdec001c10, cfg:(autoSubscribeAudio:1, autoSubscribeVideo:0, enableAudioRecordingOrPlayout:0,maxSendBitrate:0, minPort:0, maxPort:0, clientRoleType:1), connId:0)
[12/08/25 08:08:03:868][2502][A]:(00000004): RtcConnectionImpl::initializeEx(this:0x7fbdec07b260, serviceCfg:(enableAudioProcessor:1, enableAudioDevice:0, enableVideo:0, context:(nil)), cfg:(autoSubscribeAudio:1, autoSubscribeVideo:0, enableAudioRecordingOrPlayout:0, maxSendBitrate:0, minPort:0, maxPort:0, clientRoleType:2, clientType:0, channelProfile:1, vosList.size:0, recvType:(audio: 0, video: 0)))
[12/08/25 08:08:03:870][2502][A]:(00000005):   LegacyEventProxy::onClientRoleChanged->onChangeRoleSuccess(this:0x1696c1d0, oldRole:2, newRole:1, newRoleLatencyLevel:2)
[12/08/25 08:08:03:881][2502][A]:(00000006):   RtcConnectionImpl::getUserRole(this:0x7fbdec07b260, void)
[12/08/25 08:08:03:883][2502][A]:(00000007):   RtcConnectionImpl::subscribeReceivePacketHandler(this:0x7fbdec07b260, void)
[12/08/25 08:08:03:885][2497][A]:(00000008): RtcConnectionImpl::registerObserver(this:0x7fbdec07b260, observer:0x16907ab0)
[12/08/25 08:08:03:885][2497][A]:(00000009): LocalUserImpl::registerLocalUserObserver(this:0x7fbdec5e7570, observer:0x1690f7f0)
[12/08/25 08:08:03:885][2497][A]:(00000010): RtcConnectionImpl::registerNetworkObserver(this:0x7fbdec07b260, observer:0x7fbdf3c4f270)
[12/08/25 08:08:03:885][2497][A]:(00000011): MediaNodeFactoryImpl::createAudioPcmDataSender(this:0x7fbdec007ff0, void)
[12/08/25 08:08:03:885][2497][A]:(00000012): AgoraService::createDirectCustomAudioTrack(this:0x7fbdec001c10, audioSource:0x7fbdec5ff680)
[12/08/25 08:08:03:888][2497][A]:(00000013): LocalAudioTrackPcmImpl::setEnabled(this:0x7fbdec066ff0, enable:1)
[12/08/25 08:08:03:888][2497][A]:(00000014): LocalAudioTrackPcmImpl::setEnabled(this:0x7fbdec066ff0, enable:1)
[12/08/25 08:08:03:888][2497][A]:(00000015): LocalUserImpl::setAudioScenario(this:0x7fbdec5e7570, config:(scenario:9))
[12/08/25 08:08:03:888][2497][A]:(00000016): LocalUserImpl::setAudioEncoderConfiguration(this:0x7fbdec5e7570, config:(audioProfile:0))
[12/08/25 08:08:03:888][2497][A]:(00000017): RtcConnectionImpl::createDataStream(this:0x7fbdec07b260, void)
[12/08/25 08:08:03:890][2497][A]:(00000018): LocalUserImpl::registerCapabilitiesObserver(this:0x7fbdec5e7570, capabilities observer :0x1697cbd0)
[12/08/25 08:08:03:891][2497][A]:(00000019): RtcConnectionImpl::connect(this:0x7fbdec07b260, token:"0****S", channelId:"3029915_876615653", userId:"9999")
[12/08/25 08:08:03:893][2502][A]:(00000020): RtcConnectionImpl::stopLastmileProbeTest(this:0x7fbdec07b260, void)
[12/08/25 08:08:03:894][2502][A]:(00000021): RtcConnectionImpl::setConnectionState(this:0x7fbdec07b260, state: 2)
[12/08/25 08:08:03:894][2502][A]:(00000022): LegacyEventProxy::onConnectionStateChanged->onConnecting(this:0x1696c1d0, channel:"3029915_876615653", userId:"9999", reason:0)
[12/08/25 08:08:04:067][2502][A]:(00000023): LegacyEventProxy::onRequestToken->onTokenPrivilegeDidExpire(this:0x1696c1d0, void)
[12/08/25 08:08:04:068][2502][A]:(00000024): RtcConnectionImpl::setConnectionState(this:0x7fbdec07b260, state: 5)
[12/08/25 08:08:04:068][2502][A]:(00000025): LegacyEventProxy::onConnectionStateChanged->onConnectionFailure(this:0x1696c1d0, channel:"3029915_876615653", userId:"9999", reason:9)
[12/08/25 08:10:42:782][2497][A]:(00000026): LocalUserImpl::unpublishAudio(this:0x7fbdec5e7570, audioTrack:0x7fbdec066ff0)
[12/08/25 08:10:42:783][2497][A]:(00000027): RtcConnectionImpl::disconnect(this:0x7fbdec07b260, void)
[12/08/25 08:10:42:783][2497][A]:(00000028): LocalUserImpl::unRegisterCapabilitiesObserver(this:0x7fbdec5e7570, capabilities observer:0x1697cbd0)
[12/08/25 08:10:42:783][2497][A]:(00000029): RtcConnectionImpl::unregisterObserver(this:0x7fbdec07b260, observer:0x16907ab0)
[12/08/25 08:10:42:792][2502][A]:(00000030): RtcConnectionImpl::setConnectionState(this:0x7fbdec07b260, state: 1)
[12/08/25 08:10:42:792][2502][A]:(00000031): LegacyEventProxy::onConnectionStateChanged->onDisconnected(this:0x1696c1d0, channel:"3029915_876615653", userId:"9999", reason:5)
[12/08/25 08:10:42:792][2497][A]:(00000032): LocalUserImpl::unregisterLocalUserObserver(this:0x7fbdec5e7570, observer:0x1690f7f0)
[12/08/25 08:10:42:793][2497][A]:(00000033): RtcConnectionImpl::unregisterNetworkObserver(this:0x7fbdec07b260, observer:0x7fbdf3c4f270)
[12/08/25 08:10:42:794][2502][A]:(00000034): RtcConnectionImpl::unsubscribeReceivePacketHandler(this:0x7fbdec07b260, void)
[12/08/25 08:10:42:795][2502][A]:(00000035): RtcConnectionImpl::stopService(this:0x7fbdec07b260, waitForAll:0)
[12/08/25 08:10:42:797][2502][A]:(00000036): LocalAudioTrackImpl::enableLocalPlayback(this:0x7fbdec066ff0, enable:0, sync:1)
[12/08/25 08:10:42:797][2502][A]:(00000037): LocalAudioTrackPcmImpl::disableLocalPlayback(this:0x7fbdec066ff0, void)
[12/08/25 08:15:30:288][3166][A]:(00000000): AgoraService::initializeInternal(this:0x7fc12c001c10, configEx:(engineType:0, enableAudioProcessor:1, enableAudioDevice:0, enableVideo:0, context:(nil), bitrateConstraints:(min_bitrate_bps:0, start_bitrate_bps:300000, min_bitrate_bps:0), logDir: ./agora_rtc_log/agorasdk.log, domainLimit:0))
[12/08/25 08:15:30:294][3166][A]:(00000001):   AgoraService::setLogFilter(this:0x7fc12c001c10, filters:15)
[12/08/25 08:15:30:303][3160][A]:(00000002): AgoraService::createMediaNodeFactory(this:0x7fc12c001c10, void)
[12/08/25 08:15:30:305][3160][A]:(00000003): AgoraService::createRtcConnection(this:0x7fc12c001c10, cfg:(autoSubscribeAudio:1, autoSubscribeVideo:0, enableAudioRecordingOrPlayout:0,maxSendBitrate:0, minPort:0, maxPort:0, clientRoleType:1), connId:0)
[12/08/25 08:15:30:309][3166][A]:(00000004): RtcConnectionImpl::initializeEx(this:0x7fc12c06d070, serviceCfg:(enableAudioProcessor:1, enableAudioDevice:0, enableVideo:0, context:(nil)), cfg:(autoSubscribeAudio:1, autoSubscribeVideo:0, enableAudioRecordingOrPlayout:0, maxSendBitrate:0, minPort:0, maxPort:0, clientRoleType:2, clientType:0, channelProfile:1, vosList.size:0, recvType:(audio: 0, video: 0)))
[12/08/25 08:15:30:313][3166][A]:(00000005):   LegacyEventProxy::onClientRoleChanged->onChangeRoleSuccess(this:0x7fc12c04b540, oldRole:2, newRole:1, newRoleLatencyLevel:2)
[12/08/25 08:15:30:323][3166][A]:(00000006):   RtcConnectionImpl::getUserRole(this:0x7fc12c06d070, void)
[12/08/25 08:15:30:324][3166][A]:(00000007):   RtcConnectionImpl::subscribeReceivePacketHandler(this:0x7fc12c06d070, void)
[12/08/25 08:15:30:325][3160][A]:(00000008): RtcConnectionImpl::registerObserver(this:0x7fc12c06d070, observer:0xc67ab0)
[12/08/25 08:15:30:327][3160][A]:(00000009): LocalUserImpl::registerLocalUserObserver(this:0x7fc12c5d0a70, observer:0xc6f7f0)
[12/08/25 08:15:30:327][3160][A]:(00000010): RtcConnectionImpl::registerNetworkObserver(this:0x7fc12c06d070, observer:0x7fc13484f270)
[12/08/25 08:15:30:328][3160][A]:(00000011): MediaNodeFactoryImpl::createAudioPcmDataSender(this:0x7fc12c007ff0, void)
[12/08/25 08:15:30:328][3160][A]:(00000012): AgoraService::createDirectCustomAudioTrack(this:0x7fc12c001c10, audioSource:0x7fc12c0a3f80)
[12/08/25 08:15:30:329][3160][A]:(00000013): LocalAudioTrackPcmImpl::setEnabled(this:0x7fc12c067250, enable:1)
[12/08/25 08:15:30:329][3160][A]:(00000014): LocalAudioTrackPcmImpl::setEnabled(this:0x7fc12c067250, enable:1)
[12/08/25 08:15:30:329][3160][A]:(00000015): LocalUserImpl::setAudioScenario(this:0x7fc12c5d0a70, config:(scenario:9))
[12/08/25 08:15:30:329][3160][A]:(00000016): LocalUserImpl::setAudioEncoderConfiguration(this:0x7fc12c5d0a70, config:(audioProfile:0))
[12/08/25 08:15:30:329][3160][A]:(00000017): RtcConnectionImpl::createDataStream(this:0x7fc12c06d070, void)
[12/08/25 08:15:30:330][3160][A]:(00000018): LocalUserImpl::registerCapabilitiesObserver(this:0x7fc12c5d0a70, capabilities observer :0xb82f10)
[12/08/25 08:15:30:331][3160][A]:(00000019): RtcConnectionImpl::connect(this:0x7fc12c06d070, token:"0****S", channelId:"3029915_876615653", userId:"9999")
[12/08/25 08:15:30:333][3166][A]:(00000020): RtcConnectionImpl::stopLastmileProbeTest(this:0x7fc12c06d070, void)
[12/08/25 08:15:30:333][3166][A]:(00000021): RtcConnectionImpl::setConnectionState(this:0x7fc12c06d070, state: 2)
[12/08/25 08:15:30:333][3166][A]:(00000022): LegacyEventProxy::onConnectionStateChanged->onConnecting(this:0x7fc12c04b540, channel:"3029915_876615653", userId:"9999", reason:0)
[12/08/25 08:15:30:508][3166][A]:(00000023): RtcEngine::setParametersByTds(this:0x7fc12c049730, {"parameters":{}})
[12/08/25 08:15:30:508][3166][A]:(00000024): RtcEngine::setParametersByTds(this:0x7fc12c049730, {"parameters":{"rtc.switch_to_rq":"1000 1000 1000 1000 1000 1000 1000"}})
[12/08/25 08:15:30:508][3166][A]:(00000025): RtcEngine::setParametersByTds(this:0x7fc12c049730, {"parameters":{"rtc.ip_global_area":["150.136.108.158","129.146.188.240","148.153.48.240","2600:1f18:64ea:9401:50:17:126:121","2600:1f1c:9be:1702:52:52:84:170"]}})
[12/08/25 08:15:30:508][3166][A]:(00000026): RtcEngine::setParametersByTds(this:0x7fc12c049730, {"parameters":{"rtc.report.link_type":3,"rtc.sni_report_tls":"report.ludostar.com"}})
[12/08/25 08:15:30:508][3166][A]:(00000027): RtcEngine::setParametersByTds(this:0x7fc12c049730, {"parameters":{"rtc.common_resource.disable":true}})
[12/08/25 08:15:30:508][3166][A]:(00000028): RtcEngine::setParametersByTds(this:0x7fc12c049730, {"parameters":{"che.video.videoCodecIndex":1}})
[12/08/25 08:15:30:508][3166][A]:(00000029): RtcEngine::setParametersByTds(this:0x7fc12c049730, {"parameters":{"engine.video.hw_decoder_fallback_config":{"decode_time_delay_thres_audience":2000}}})
[12/08/25 08:15:30:542][3166][A]:(00000030): LegacyEventProxy::onRequestToken->onTokenPrivilegeDidExpire(this:0x7fc12c04b540, void)
[12/08/25 08:15:30:544][3166][A]:(00000031): RtcConnectionImpl::setConnectionState(this:0x7fc12c06d070, state: 5)
[12/08/25 08:15:30:544][3166][A]:(00000032): LegacyEventProxy::onConnectionStateChanged->onConnectionFailure(this:0x7fc12c04b540, channel:"3029915_876615653", userId:"9999", reason:9)
[12/08/25 08:16:32:305][3160][A]:(00000033): LocalUserImpl::unpublishAudio(this:0x7fc12c5d0a70, audioTrack:0x7fc12c067250)
[12/08/25 08:16:32:305][3160][A]:(00000034): RtcConnectionImpl::disconnect(this:0x7fc12c06d070, void)
[12/08/25 08:16:32:305][3160][A]:(00000035): LocalUserImpl::unRegisterCapabilitiesObserver(this:0x7fc12c5d0a70, capabilities observer:0xb82f10)
[12/08/25 08:16:32:305][3160][A]:(00000036): RtcConnectionImpl::unregisterObserver(this:0x7fc12c06d070, observer:0xc67ab0)
[12/08/25 08:16:32:315][3166][A]:(00000037): RtcConnectionImpl::setConnectionState(this:0x7fc12c06d070, state: 1)
[12/08/25 08:16:32:315][3166][A]:(00000038): LegacyEventProxy::onConnectionStateChanged->onDisconnected(this:0x7fc12c04b540, channel:"3029915_876615653", userId:"9999", reason:5)
[12/08/25 08:16:32:350][3160][A]:(00000039): LocalUserImpl::unregisterLocalUserObserver(this:0x7fc12c5d0a70, observer:0xc6f7f0)
[12/08/25 08:16:32:350][3160][A]:(00000040): RtcConnectionImpl::unregisterNetworkObserver(this:0x7fc12c06d070, observer:0x7fc13484f270)
[12/08/25 08:16:32:352][3166][A]:(00000041): RtcConnectionImpl::unsubscribeReceivePacketHandler(this:0x7fc12c06d070, void)
[12/08/25 08:16:32:356][3166][A]:(00000042): RtcConnectionImpl::stopService(this:0x7fc12c06d070, waitForAll:0)
[12/08/25 08:16:32:357][3166][A]:(00000043): LocalAudioTrackImpl::enableLocalPlayback(this:0x7fc12c067250, enable:0, sync:1)
[12/08/25 08:16:32:357][3166][A]:(00000044): LocalAudioTrackPcmImpl::disableLocalPlayback(this:0x7fc12c067250, void)
[12/08/25 08:17:49:483][3785][A]:(00000000): AgoraService::initializeInternal(this:0x7f48f4001c10, configEx:(engineType:0, enableAudioProcessor:1, enableAudioDevice:0, enableVideo:0, context:(nil), bitrateConstraints:(min_bitrate_bps:0, start_bitrate_bps:300000, min_bitrate_bps:0), logDir: ./agora_rtc_log/agorasdk.log, domainLimit:0))
[12/08/25 08:17:49:494][3785][A]:(00000001):   AgoraService::setLogFilter(this:0x7f48f4001c10, filters:15)
[12/08/25 08:17:49:504][3780][A]:(00000002): AgoraService::createMediaNodeFactory(this:0x7f48f4001c10, void)
[12/08/25 08:17:49:507][3780][A]:(00000003): AgoraService::createRtcConnection(this:0x7f48f4001c10, cfg:(autoSubscribeAudio:1, autoSubscribeVideo:0, enableAudioRecordingOrPlayout:0,maxSendBitrate:0, minPort:0, maxPort:0, clientRoleType:1), connId:0)
[12/08/25 08:17:49:515][3785][A]:(00000004): RtcConnectionImpl::initializeEx(this:0x7f48f406f230, serviceCfg:(enableAudioProcessor:1, enableAudioDevice:0, enableVideo:0, context:(nil)), cfg:(autoSubscribeAudio:1, autoSubscribeVideo:0, enableAudioRecordingOrPlayout:0, maxSendBitrate:0, minPort:0, maxPort:0, clientRoleType:2, clientType:0, channelProfile:1, vosList.size:0, recvType:(audio: 0, video: 0)))
[12/08/25 08:17:49:516][3785][A]:(00000005):   LegacyEventProxy::onClientRoleChanged->onChangeRoleSuccess(this:0x7f48f406ad50, oldRole:2, newRole:1, newRoleLatencyLevel:2)
[12/08/25 08:17:49:530][3785][A]:(00000006):   RtcConnectionImpl::getUserRole(this:0x7f48f406f230, void)
[12/08/25 08:17:49:532][3785][A]:(00000007):   RtcConnectionImpl::subscribeReceivePacketHandler(this:0x7f48f406f230, void)
[12/08/25 08:17:49:534][3780][A]:(00000008): RtcConnectionImpl::registerObserver(this:0x7f48f406f230, observer:0x3591ea10)
[12/08/25 08:17:49:534][3780][A]:(00000009): LocalUserImpl::registerLocalUserObserver(this:0x7f48f45c0de0, observer:0x35926750)
[12/08/25 08:17:49:534][3780][A]:(00000010): RtcConnectionImpl::registerNetworkObserver(this:0x7f48f406f230, observer:0x7f48fc64f270)
[12/08/25 08:17:49:535][3780][A]:(00000011): MediaNodeFactoryImpl::createAudioPcmDataSender(this:0x7f48f4007ff0, void)
[12/08/25 08:17:49:535][3780][A]:(00000012): AgoraService::createDirectCustomAudioTrack(this:0x7f48f4001c10, audioSource:0x7f48f4a70220)
[12/08/25 08:17:49:535][3780][A]:(00000013): LocalAudioTrackPcmImpl::setEnabled(this:0x7f48f43664b0, enable:1)
[12/08/25 08:17:49:535][3780][A]:(00000014): LocalAudioTrackPcmImpl::setEnabled(this:0x7f48f43664b0, enable:1)
[12/08/25 08:17:49:535][3780][A]:(00000015): LocalUserImpl::setAudioScenario(this:0x7f48f45c0de0, config:(scenario:9))
[12/08/25 08:17:49:535][3780][A]:(00000016): LocalUserImpl::setAudioEncoderConfiguration(this:0x7f48f45c0de0, config:(audioProfile:0))
[12/08/25 08:17:49:535][3780][A]:(00000017): RtcConnectionImpl::createDataStream(this:0x7f48f406f230, void)
[12/08/25 08:17:49:537][3780][A]:(00000018): LocalUserImpl::registerCapabilitiesObserver(this:0x7f48f45c0de0, capabilities observer :0x359a25d0)
[12/08/25 08:17:49:537][3780][A]:(00000019): RtcConnectionImpl::connect(this:0x7f48f406f230, token:"0****S", channelId:"3029915_876615653", userId:"9999")
[12/08/25 08:17:49:539][3785][A]:(00000020): RtcConnectionImpl::stopLastmileProbeTest(this:0x7f48f406f230, void)
[12/08/25 08:17:49:540][3785][A]:(00000021): RtcConnectionImpl::setConnectionState(this:0x7f48f406f230, state: 2)
[12/08/25 08:17:49:540][3785][A]:(00000022): LegacyEventProxy::onConnectionStateChanged->onConnecting(this:0x7f48f406ad50, channel:"3029915_876615653", userId:"9999", reason:0)
[12/08/25 08:17:49:718][3785][A]:(00000023): RtcEngine::setParametersByTds(this:0x7f48f4082790, {"parameters":{}})
[12/08/25 08:17:49:718][3785][A]:(00000024): RtcEngine::setParametersByTds(this:0x7f48f4082790, {"parameters":{"rtc.switch_to_rq":"1000 1000 1000 1000 1000 1000 1000"}})
[12/08/25 08:17:49:718][3785][A]:(00000025): RtcEngine::setParametersByTds(this:0x7f48f4082790, {"parameters":{"rtc.ip_global_area":["150.136.108.158","129.146.188.240","148.153.48.240","2600:1f18:64ea:9401:50:17:126:121","2600:1f1c:9be:1702:52:52:84:170"]}})
[12/08/25 08:17:49:718][3785][A]:(00000026): RtcEngine::setParametersByTds(this:0x7f48f4082790, {"parameters":{"rtc.report.link_type":3,"rtc.sni_report_tls":"report.ludostar.com"}})
[12/08/25 08:17:49:718][3785][A]:(00000027): RtcEngine::setParametersByTds(this:0x7f48f4082790, {"parameters":{"rtc.common_resource.disable":true}})
[12/08/25 08:17:49:718][3785][A]:(00000028): RtcEngine::setParametersByTds(this:0x7f48f4082790, {"parameters":{"che.video.videoCodecIndex":1}})
[12/08/25 08:17:49:718][3785][A]:(00000029): RtcEngine::setParametersByTds(this:0x7f48f4082790, {"parameters":{"engine.video.hw_decoder_fallback_config":{"decode_time_delay_thres_audience":2000}}})
[12/08/25 08:17:49:768][3785][A]:(00000030): LegacyEventProxy::onRequestToken->onTokenPrivilegeDidExpire(this:0x7f48f406ad50, void)
[12/08/25 08:17:49:768][3785][A]:(00000031): RtcConnectionImpl::setConnectionState(this:0x7f48f406f230, state: 5)
[12/08/25 08:17:49:768][3785][A]:(00000032): LegacyEventProxy::onConnectionStateChanged->onConnectionFailure(this:0x7f48f406ad50, channel:"3029915_876615653", userId:"9999", reason:9)
[12/08/25 08:19:24:245][3780][A]:(00000033): AgoraService::createMediaNodeFactory(this:0x7f48f4001c10, void)
[12/08/25 08:19:24:246][3780][A]:(00000034): AgoraService::createRtcConnection(this:0x7f48f4001c10, cfg:(autoSubscribeAudio:1, autoSubscribeVideo:0, enableAudioRecordingOrPlayout:0,maxSendBitrate:0, minPort:0, maxPort:0, clientRoleType:1), connId:1)
[12/08/25 08:19:24:250][3785][A]:(00000035): RtcConnectionImpl::initializeEx(this:0x7f48f4c1fc20, serviceCfg:(enableAudioProcessor:1, enableAudioDevice:0, enableVideo:0, context:(nil)), cfg:(autoSubscribeAudio:1, autoSubscribeVideo:0, enableAudioRecordingOrPlayout:0, maxSendBitrate:0, minPort:0, maxPort:0, clientRoleType:2, clientType:0, channelProfile:1, vosList.size:0, recvType:(audio: 0, video: 0)))
[12/08/25 08:19:24:251][3785][A]:(00000036):   LegacyEventProxy::onClientRoleChanged->onChangeRoleSuccess(this:0x7f48b0003390, oldRole:2, newRole:1, newRoleLatencyLevel:2)
[12/08/25 08:19:24:260][3785][A]:(00000037):   RtcConnectionImpl::getUserRole(this:0x7f48f4c1fc20, void)
[12/08/25 08:19:24:262][3785][A]:(00000038):   RtcConnectionImpl::subscribeReceivePacketHandler(this:0x7f48f4c1fc20, void)
[12/08/25 08:19:24:262][3780][A]:(00000039): RtcConnectionImpl::registerObserver(this:0x7f48f4c1fc20, observer:0x3591fa10)
[12/08/25 08:19:24:263][3780][A]:(00000040): LocalUserImpl::registerLocalUserObserver(this:0x7f48f4a7c6d0, observer:0x358e16f0)
[12/08/25 08:19:24:263][3780][A]:(00000041): RtcConnectionImpl::registerNetworkObserver(this:0x7f48f4c1fc20, observer:0x7f48fc64f270)
[12/08/25 08:19:24:263][3780][A]:(00000042): MediaNodeFactoryImpl::createAudioPcmDataSender(this:0x7f48f4007ff0, void)
[12/08/25 08:19:24:263][3780][A]:(00000043): AgoraService::createDirectCustomAudioTrack(this:0x7f48f4001c10, audioSource:0x3597cc70)
[12/08/25 08:19:24:264][3780][A]:(00000044): LocalAudioTrackPcmImpl::setEnabled(this:0x7f48f4d84010, enable:1)
[12/08/25 08:19:24:264][3780][A]:(00000045): LocalAudioTrackPcmImpl::setEnabled(this:0x7f48f4d84010, enable:1)
[12/08/25 08:19:24:264][3780][A]:(00000046): LocalUserImpl::setAudioScenario(this:0x7f48f4a7c6d0, config:(scenario:9))
[12/08/25 08:19:24:264][3780][A]:(00000047): LocalUserImpl::setAudioEncoderConfiguration(this:0x7f48f4a7c6d0, config:(audioProfile:0))
[12/08/25 08:19:24:264][3780][A]:(00000048): RtcConnectionImpl::createDataStream(this:0x7f48f4c1fc20, void)
[12/08/25 08:19:24:264][3780][A]:(00000049): LocalUserImpl::registerCapabilitiesObserver(this:0x7f48f4a7c6d0, capabilities observer :0x359bfcd0)
[12/08/25 08:19:24:265][3780][A]:(00000050): RtcConnectionImpl::connect(this:0x7f48f4c1fc20, token:"0****=", channelId:"3029915_378064943", userId:"9999")
[12/08/25 08:19:24:267][3785][A]:(00000051): RtcConnectionImpl::stopLastmileProbeTest(this:0x7f48f4c1fc20, void)
[12/08/25 08:19:24:268][3785][A]:(00000052): RtcConnectionImpl::setConnectionState(this:0x7f48f4c1fc20, state: 2)
[12/08/25 08:19:24:268][3785][A]:(00000053): LegacyEventProxy::onConnectionStateChanged->onConnecting(this:0x7f48b0003390, channel:"3029915_378064943", userId:"9999", reason:0)
[12/08/25 08:19:24:442][3785][A]:(00000054): LegacyEventProxy::onRequestToken->onTokenPrivilegeDidExpire(this:0x7f48b0003390, void)
[12/08/25 08:19:24:442][3785][A]:(00000055): RtcConnectionImpl::setConnectionState(this:0x7f48f4c1fc20, state: 5)
[12/08/25 08:19:24:442][3785][A]:(00000056): LegacyEventProxy::onConnectionStateChanged->onConnectionFailure(this:0x7f48b0003390, channel:"3029915_378064943", userId:"9999", reason:8)
[12/08/25 08:19:48:059][3780][A]:(00000057): AgoraService::createMediaNodeFactory(this:0x7f48f4001c10, void)
[12/08/25 08:19:48:060][3780][A]:(00000058): AgoraService::createRtcConnection(this:0x7f48f4001c10, cfg:(autoSubscribeAudio:1, autoSubscribeVideo:0, enableAudioRecordingOrPlayout:0,maxSendBitrate:0, minPort:0, maxPort:0, clientRoleType:1), connId:2)
[12/08/25 08:19:48:062][3785][A]:(00000059): RtcConnectionImpl::initializeEx(this:0x7f48f5187450, serviceCfg:(enableAudioProcessor:1, enableAudioDevice:0, enableVideo:0, context:(nil)), cfg:(autoSubscribeAudio:1, autoSubscribeVideo:0, enableAudioRecordingOrPlayout:0, maxSendBitrate:0, minPort:0, maxPort:0, clientRoleType:2, clientType:0, channelProfile:1, vosList.size:0, recvType:(audio: 0, video: 0)))
[12/08/25 08:19:48:062][3785][A]:(00000060):   LegacyEventProxy::onClientRoleChanged->onChangeRoleSuccess(this:0x7f48f51fb5f0, oldRole:2, newRole:1, newRoleLatencyLevel:2)
[12/08/25 08:19:48:075][3785][A]:(00000061):   RtcConnectionImpl::getUserRole(this:0x7f48f5187450, ... (ignore to avoid too many logs))
[12/08/25 08:19:48:077][3785][A]:(00000062):   RtcConnectionImpl::subscribeReceivePacketHandler(this:0x7f48f5187450, void)
[12/08/25 08:19:48:083][3780][A]:(00000063): RtcConnectionImpl::registerObserver(this:0x7f48f5187450, observer:0x35a346a0)
[12/08/25 08:19:48:084][3780][A]:(00000064): LocalUserImpl::registerLocalUserObserver(this:0x7f48f5275ac0, observer:0x35984520)
[12/08/25 08:19:48:084][3780][A]:(00000065): RtcConnectionImpl::registerNetworkObserver(this:0x7f48f5187450, observer:0x7f48fc64f270)
[12/08/25 08:19:48:084][3780][A]:(00000066): MediaNodeFactoryImpl::createAudioPcmDataSender(this:0x7f48f4007ff0, void)
[12/08/25 08:19:48:084][3780][A]:(00000067): AgoraService::createDirectCustomAudioTrack(this:0x7f48f4001c10, audioSource:0x7f48f5667820)
[12/08/25 08:19:48:085][3780][A]:(00000068): LocalAudioTrackPcmImpl::setEnabled(this:0x7f48f53c4270, enable:1)
[12/08/25 08:19:48:085][3780][A]:(00000069): LocalAudioTrackPcmImpl::setEnabled(this:0x7f48f53c4270, enable:1)
[12/08/25 08:19:48:085][3780][A]:(00000070): LocalUserImpl::setAudioScenario(this:0x7f48f5275ac0, config:(scenario:9))
[12/08/25 08:19:48:085][3780][A]:(00000071): LocalUserImpl::setAudioEncoderConfiguration(this:0x7f48f5275ac0, config:(audioProfile:0))
[12/08/25 08:19:48:085][3780][A]:(00000072): RtcConnectionImpl::createDataStream(this:0x7f48f5187450, void)
[12/08/25 08:19:48:086][3780][A]:(00000073): LocalUserImpl::registerCapabilitiesObserver(this:0x7f48f5275ac0, capabilities observer :0x359ad310)
[12/08/25 08:19:48:088][3780][A]:(00000074): RtcConnectionImpl::connect(this:0x7f48f5187450, token:"0****=", channelId:"3029915_378064943", userId:"9999")
[12/08/25 08:19:48:094][3785][A]:(00000075): RtcConnectionImpl::stopLastmileProbeTest(this:0x7f48f5187450, void)
[12/08/25 08:19:48:096][3785][A]:(00000076): RtcConnectionImpl::setConnectionState(this:0x7f48f5187450, state: 2)
[12/08/25 08:19:48:096][3785][A]:(00000077): LegacyEventProxy::onConnectionStateChanged->onConnecting(this:0x7f48f51fb5f0, channel:"3029915_378064943", userId:"9999", reason:0)
[12/08/25 08:19:48:284][3785][A]:(00000078): RtcEngine::setParametersByTds(this:0x7f48f454dd50, {"parameters":{}})
[12/08/25 08:19:48:284][3785][A]:(00000079): RtcEngine::setParametersByTds(this:0x7f48f454dd50, {"parameters":{"rtc.switch_to_rq":"1000 1000 1000 1000 1000 1000 1000"}})
[12/08/25 08:19:48:284][3785][A]:(00000080): RtcEngine::setParametersByTds(this:0x7f48f454dd50, {"parameters":{"rtc.ip_global_area":["150.136.108.158","129.146.188.240","148.153.48.240","2600:1f18:64ea:9401:50:17:126:121","2600:1f1c:9be:1702:52:52:84:170"]}})
[12/08/25 08:19:48:284][3785][A]:(00000081): RtcEngine::setParametersByTds(this:0x7f48f454dd50, {"parameters":{"rtc.report.link_type":3,"rtc.sni_report_tls":"report.ludostar.com"}})
[12/08/25 08:19:48:284][3785][A]:(00000082): RtcEngine::setParametersByTds(this:0x7f48f454dd50, {"parameters":{"rtc.common_resource.disable":true}})
[12/08/25 08:19:48:284][3785][A]:(00000083): RtcEngine::setParametersByTds(this:0x7f48f454dd50, {"parameters":{"che.video.videoCodecIndex":1}})
[12/08/25 08:19:48:284][3785][A]:(00000084): RtcEngine::setParametersByTds(this:0x7f48f454dd50, {"parameters":{"engine.video.hw_decoder_fallback_config":{"decode_time_delay_thres_audience":2000}}})
[12/08/25 08:19:48:334][3785][A]:(00000085): LegacyEventProxy::onRequestToken->onTokenPrivilegeDidExpire(this:0x7f48f51fb5f0, void)
[12/08/25 08:19:48:336][3785][A]:(00000086): RtcConnectionImpl::setConnectionState(this:0x7f48f5187450, state: 5)
[12/08/25 08:19:48:336][3785][A]:(00000087): LegacyEventProxy::onConnectionStateChanged->onConnectionFailure(this:0x7f48f51fb5f0, channel:"3029915_378064943", userId:"9999", reason:8)
[12/08/25 08:20:12:154][3780][A]:(00000088): LocalUserImpl::unpublishAudio(this:0x7f48f5275ac0, audioTrack:0x7f48f53c4270)
[12/08/25 08:20:12:154][3780][A]:(00000089): RtcConnectionImpl::disconnect(this:0x7f48f5187450, void)
[12/08/25 08:20:12:154][3780][A]:(00000090): LocalUserImpl::unRegisterCapabilitiesObserver(this:0x7f48f5275ac0, capabilities observer:0x359ad310)
[12/08/25 08:20:12:154][3780][A]:(00000091): RtcConnectionImpl::unregisterObserver(this:0x7f48f5187450, observer:0x35a346a0)
[12/08/25 08:20:12:154][3785][A]:(00000092): RtcConnectionImpl::setConnectionState(this:0x7f48f5187450, state: 1)
[12/08/25 08:20:12:154][3785][A]:(00000093): LegacyEventProxy::onConnectionStateChanged->onDisconnected(this:0x7f48f51fb5f0, channel:"3029915_378064943", userId:"9999", reason:5)
[12/08/25 08:20:12:155][3780][A]:(00000094): LocalUserImpl::unregisterLocalUserObserver(this:0x7f48f5275ac0, observer:0x35984520)
[12/08/25 08:20:12:155][3780][A]:(00000095): RtcConnectionImpl::unregisterNetworkObserver(this:0x7f48f5187450, observer:0x7f48fc64f270)
[12/08/25 08:20:12:156][3785][A]:(00000096): RtcConnectionImpl::unsubscribeReceivePacketHandler(this:0x7f48f5187450, void)
[12/08/25 08:20:12:160][3785][A]:(00000097): RtcConnectionImpl::stopService(this:0x7f48f5187450, waitForAll:0)
[12/08/25 08:20:12:160][3785][A]:(00000098): LocalAudioTrackImpl::enableLocalPlayback(this:0x7f48f53c4270, enable:0, sync:1)
[12/08/25 08:20:12:160][3785][A]:(00000099): LocalAudioTrackPcmImpl::disableLocalPlayback(this:0x7f48f53c4270, void)
[12/08/25 08:21:18:896][4440][A]:(00000000): AgoraService::initializeInternal(this:0x7fdb10001c10, configEx:(engineType:0, enableAudioProcessor:1, enableAudioDevice:0, enableVideo:0, context:(nil), bitrateConstraints:(min_bitrate_bps:0, start_bitrate_bps:300000, min_bitrate_bps:0), logDir: ./agora_rtc_log/agorasdk.log, domainLimit:0))
[12/08/25 08:21:18:903][4440][A]:(00000001):   AgoraService::setLogFilter(this:0x7fdb10001c10, filters:15)
[12/08/25 08:21:18:915][4435][A]:(00000002): AgoraService::createMediaNodeFactory(this:0x7fdb10001c10, void)
[12/08/25 08:21:18:918][4435][A]:(00000003): AgoraService::createRtcConnection(this:0x7fdb10001c10, cfg:(autoSubscribeAudio:1, autoSubscribeVideo:0, enableAudioRecordingOrPlayout:0,maxSendBitrate:0, minPort:0, maxPort:0, clientRoleType:1), connId:0)
[12/08/25 08:21:18:923][4440][A]:(00000004): RtcConnectionImpl::initializeEx(this:0x7fdb1006ada0, serviceCfg:(enableAudioProcessor:1, enableAudioDevice:0, enableVideo:0, context:(nil)), cfg:(autoSubscribeAudio:1, autoSubscribeVideo:0, enableAudioRecordingOrPlayout:0, maxSendBitrate:0, minPort:0, maxPort:0, clientRoleType:2, clientType:0, channelProfile:1, vosList.size:0, recvType:(audio: 0, video: 0)))
[12/08/25 08:21:18:925][4440][A]:(00000005):   LegacyEventProxy::onClientRoleChanged->onChangeRoleSuccess(this:0x385dd270, oldRole:2, newRole:1, newRoleLatencyLevel:2)
[12/08/25 08:21:18:936][4440][A]:(00000006):   RtcConnectionImpl::getUserRole(this:0x7fdb1006ada0, void)
[12/08/25 08:21:18:937][4440][A]:(00000007):   RtcConnectionImpl::subscribeReceivePacketHandler(this:0x7fdb1006ada0, void)
[12/08/25 08:21:18:938][4435][A]:(00000008): RtcConnectionImpl::registerObserver(this:0x7fdb1006ada0, observer:0x3877f800)
[12/08/25 08:21:18:939][4435][A]:(00000009): LocalUserImpl::registerLocalUserObserver(this:0x7fdb105cbf80, observer:0x387f1d40)
[12/08/25 08:21:18:939][4435][A]:(00000010): RtcConnectionImpl::registerNetworkObserver(this:0x7fdb1006ada0, observer:0x7fdb1aa4f270)
[12/08/25 08:21:18:939][4435][A]:(00000011): MediaNodeFactoryImpl::createAudioPcmDataSender(this:0x7fdb10007ff0, void)
[12/08/25 08:21:18:940][4435][A]:(00000012): AgoraService::createDirectCustomAudioTrack(this:0x7fdb10001c10, audioSource:0x7fdb10a58db0)
[12/08/25 08:21:18:940][4435][A]:(00000013): LocalAudioTrackPcmImpl::setEnabled(this:0x7fdb100552b0, enable:1)
[12/08/25 08:21:18:940][4435][A]:(00000014): LocalAudioTrackPcmImpl::setEnabled(this:0x7fdb100552b0, enable:1)
[12/08/25 08:21:18:940][4435][A]:(00000015): LocalUserImpl::setAudioScenario(this:0x7fdb105cbf80, config:(scenario:9))
[12/08/25 08:21:18:940][4435][A]:(00000016): LocalUserImpl::setAudioEncoderConfiguration(this:0x7fdb105cbf80, config:(audioProfile:0))
[12/08/25 08:21:18:940][4435][A]:(00000017): RtcConnectionImpl::createDataStream(this:0x7fdb1006ada0, void)
[12/08/25 08:21:18:942][4435][A]:(00000018): LocalUserImpl::registerCapabilitiesObserver(this:0x7fdb105cbf80, capabilities observer :0x388666a0)
[12/08/25 08:21:18:943][4435][A]:(00000019): RtcConnectionImpl::connect(this:0x7fdb1006ada0, token:"0****=", channelId:"3029915_378064943", userId:"9999")
[12/08/25 08:21:18:946][4440][A]:(00000020): RtcConnectionImpl::stopLastmileProbeTest(this:0x7fdb1006ada0, void)
[12/08/25 08:21:18:947][4440][A]:(00000021): RtcConnectionImpl::setConnectionState(this:0x7fdb1006ada0, state: 2)
[12/08/25 08:21:18:947][4440][A]:(00000022): LegacyEventProxy::onConnectionStateChanged->onConnecting(this:0x385dd270, channel:"3029915_378064943", userId:"9999", reason:0)
[12/08/25 08:21:19:124][4440][A]:(00000023): RtcEngine::setParametersByTds(this:0x7fdb10081960, {"parameters":{}})
[12/08/25 08:21:19:124][4440][A]:(00000024): RtcEngine::setParametersByTds(this:0x7fdb10081960, {"parameters":{"rtc.switch_to_rq":"1000 1000 1000 1000 1000 1000 1000"}})
[12/08/25 08:21:19:124][4440][A]:(00000025): RtcEngine::setParametersByTds(this:0x7fdb10081960, {"parameters":{"rtc.ip_global_area":["150.136.108.158","129.146.188.240","148.153.48.240","2600:1f18:64ea:9401:50:17:126:121","2600:1f1c:9be:1702:52:52:84:170"]}})
[12/08/25 08:21:19:124][4440][A]:(00000026): RtcEngine::setParametersByTds(this:0x7fdb10081960, {"parameters":{"rtc.report.link_type":3,"rtc.sni_report_tls":"report.ludostar.com"}})
[12/08/25 08:21:19:124][4440][A]:(00000027): RtcEngine::setParametersByTds(this:0x7fdb10081960, {"parameters":{"rtc.common_resource.disable":true}})
[12/08/25 08:21:19:125][4440][A]:(00000028): RtcEngine::setParametersByTds(this:0x7fdb10081960, {"parameters":{"che.video.videoCodecIndex":1}})
[12/08/25 08:21:19:125][4440][A]:(00000029): RtcEngine::setParametersByTds(this:0x7fdb10081960, {"parameters":{"engine.video.hw_decoder_fallback_config":{"decode_time_delay_thres_audience":2000}}})
[12/08/25 08:21:19:159][4440][A]:(00000030): LegacyEventProxy::onRequestToken->onTokenPrivilegeDidExpire(this:0x385dd270, void)
[12/08/25 08:21:19:161][4440][A]:(00000031): RtcConnectionImpl::setConnectionState(this:0x7fdb1006ada0, state: 5)
[12/08/25 08:21:19:161][4440][A]:(00000032): LegacyEventProxy::onConnectionStateChanged->onConnectionFailure(this:0x385dd270, channel:"3029915_378064943", userId:"9999", reason:8)
[12/08/25 08:25:04:006][4435][A]:(00000033): LocalUserImpl::unpublishAudio(this:0x7fdb105cbf80, audioTrack:0x7fdb100552b0)
[12/08/25 08:25:04:006][4435][A]:(00000034): RtcConnectionImpl::disconnect(this:0x7fdb1006ada0, void)
[12/08/25 08:25:04:006][4435][A]:(00000035): LocalUserImpl::unRegisterCapabilitiesObserver(this:0x7fdb105cbf80, capabilities observer:0x388666a0)
[12/08/25 08:25:04:006][4435][A]:(00000036): RtcConnectionImpl::unregisterObserver(this:0x7fdb1006ada0, observer:0x3877f800)
[12/08/25 08:25:04:006][4440][A]:(00000037): RtcConnectionImpl::setConnectionState(this:0x7fdb1006ada0, state: 1)
[12/08/25 08:25:04:006][4440][A]:(00000038): LegacyEventProxy::onConnectionStateChanged->onDisconnected(this:0x385dd270, channel:"3029915_378064943", userId:"9999", reason:5)
[12/08/25 08:25:04:007][4435][A]:(00000039): LocalUserImpl::unregisterLocalUserObserver(this:0x7fdb105cbf80, observer:0x387f1d40)
[12/08/25 08:25:04:007][4435][A]:(00000040): RtcConnectionImpl::unregisterNetworkObserver(this:0x7fdb1006ada0, observer:0x7fdb1aa4f270)
[12/08/25 08:25:04:009][4440][A]:(00000041): RtcConnectionImpl::unsubscribeReceivePacketHandler(this:0x7fdb1006ada0, void)
[12/08/25 08:25:04:010][4440][A]:(00000042): RtcConnectionImpl::stopService(this:0x7fdb1006ada0, waitForAll:0)
[12/08/25 08:25:04:011][4440][A]:(00000043): LocalAudioTrackImpl::enableLocalPlayback(this:0x7fdb100552b0, enable:0, sync:1)
[12/08/25 08:25:04:011][4440][A]:(00000044): LocalAudioTrackPcmImpl::disableLocalPlayback(this:0x7fdb100552b0, void)
[12/08/25 08:25:35:982][4950][A]:(00000000): AgoraService::initializeInternal(this:0x7fadfc001c10, configEx:(engineType:0, enableAudioProcessor:1, enableAudioDevice:0, enableVideo:0, context:(nil), bitrateConstraints:(min_bitrate_bps:0, start_bitrate_bps:300000, min_bitrate_bps:0), logDir: ./agora_rtc_log/agorasdk.log, domainLimit:0))
[12/08/25 08:25:35:988][4950][A]:(00000001):   AgoraService::setLogFilter(this:0x7fadfc001c10, filters:15)
[12/08/25 08:25:36:000][4945][A]:(00000002): AgoraService::createMediaNodeFactory(this:0x7fadfc001c10, void)
[12/08/25 08:25:36:002][4945][A]:(00000003): AgoraService::createRtcConnection(this:0x7fadfc001c10, cfg:(autoSubscribeAudio:1, autoSubscribeVideo:0, enableAudioRecordingOrPlayout:0,maxSendBitrate:0, minPort:0, maxPort:0, clientRoleType:1), connId:0)
[12/08/25 08:25:36:007][4950][A]:(00000004): RtcConnectionImpl::initializeEx(this:0x7fadfc099800, serviceCfg:(enableAudioProcessor:1, enableAudioDevice:0, enableVideo:0, context:(nil)), cfg:(autoSubscribeAudio:1, autoSubscribeVideo:0, enableAudioRecordingOrPlayout:0, maxSendBitrate:0, minPort:0, maxPort:0, clientRoleType:2, clientType:0, channelProfile:1, vosList.size:0, recvType:(audio: 0, video: 0)))
[12/08/25 08:25:36:008][4950][A]:(00000005):   LegacyEventProxy::onClientRoleChanged->onChangeRoleSuccess(this:0x1550eaa0, oldRole:2, newRole:1, newRoleLatencyLevel:2)
[12/08/25 08:25:36:015][4950][A]:(00000006):   RtcConnectionImpl::getUserRole(this:0x7fadfc099800, void)
[12/08/25 08:25:36:016][4950][A]:(00000007):   RtcConnectionImpl::subscribeReceivePacketHandler(this:0x7fadfc099800, void)
[12/08/25 08:25:36:016][4945][A]:(00000008): RtcConnectionImpl::registerObserver(this:0x7fadfc099800, observer:0x154b07e0)
[12/08/25 08:25:36:018][4945][A]:(00000009): LocalUserImpl::registerLocalUserObserver(this:0x7fadfc5dc000, observer:0x154b8520)
[12/08/25 08:25:36:018][4945][A]:(00000010): RtcConnectionImpl::registerNetworkObserver(this:0x7fadfc099800, observer:0x7fae0464f270)
[12/08/25 08:25:36:018][4945][A]:(00000011): MediaNodeFactoryImpl::createAudioPcmDataSender(this:0x7fadfc007ff0, void)
[12/08/25 08:25:36:018][4945][A]:(00000012): AgoraService::createDirectCustomAudioTrack(this:0x7fadfc001c10, audioSource:0x7fadfc094f10)
[12/08/25 08:25:36:019][4945][A]:(00000013): LocalAudioTrackPcmImpl::setEnabled(this:0x7fadfc0577a0, enable:1)
[12/08/25 08:25:36:019][4945][A]:(00000014): LocalAudioTrackPcmImpl::setEnabled(this:0x7fadfc0577a0, enable:1)
[12/08/25 08:25:36:019][4945][A]:(00000015): LocalUserImpl::setAudioScenario(this:0x7fadfc5dc000, config:(scenario:9))
[12/08/25 08:25:36:019][4945][A]:(00000016): LocalUserImpl::setAudioEncoderConfiguration(this:0x7fadfc5dc000, config:(audioProfile:0))
[12/08/25 08:25:36:019][4945][A]:(00000017): RtcConnectionImpl::createDataStream(this:0x7fadfc099800, void)
[12/08/25 08:25:36:020][4945][A]:(00000018): LocalUserImpl::registerCapabilitiesObserver(this:0x7fadfc5dc000, capabilities observer :0x15563870)
[12/08/25 08:25:36:257][4950][A]:(00000019): RtcEngine::setParametersByTds(this:0x7fadfc098e50, {"parameters":{"che.video.videoCodecIndex":1}})
[12/08/25 08:25:36:257][4950][A]:(00000020): RtcEngine::setParametersByTds(this:0x7fadfc098e50, {"parameters":{"rtc.switch_to_rq":"1000 1000 1000 1000 1000 1000 1000"}})
[12/08/25 08:25:36:257][4950][A]:(00000021): RtcEngine::setParametersByTds(this:0x7fadfc098e50, {"parameters":{}})
[12/08/25 08:25:36:257][4950][A]:(00000022): RtcEngine::setParametersByTds(this:0x7fadfc098e50, {"parameters":{"rtc.report.link_type":3,"rtc.sni_report_tls":"report.ludostar.com"}})
[12/08/25 08:25:36:258][4950][A]:(00000023): RtcEngine::setParametersByTds(this:0x7fadfc098e50, {"parameters":{"rtc.common_resource.ainlp":"https://plugin.agora.io/AudioAI_Resource/ainlp-v3.2.6.1?md5=071dc372a929ab8c3068c76a7cca483b","rtc.common_resource.ainlp_ll":"https://plugin.agora.io/AudioAI_Resource/ainlp_ll-v4.1.4.1?md5=1cc931f3d6773929cdd0544ff9c07903","rtc.common_resource.ains":"https://plugin.agora.io/AudioAI_Resource/ains-v4.0.19.1?md5=efea6d10c91bf856faf8a193896ec333","rtc.common_resource.ains_ll":"https://plugin.agora.io/AudioAI_Resource/ains_ll-v7.2.4.1?md5=6ba179ef7f1e78462792a18f8ea9c5aa"}})
[12/08/25 08:25:36:258][4950][A]:(00000024): RtcEngine::setParametersByTds(this:0x7fadfc098e50, {"parameters":{"engine.video.hw_decoder_fallback_config":{"decode_time_delay_thres_audience":2000}}})
[12/08/25 08:25:36:258][4950][A]:(00000025): RtcEngine::setParametersByTds(this:0x7fadfc098e50, {"parameters":{"rtc.common_resource.disable":true}})
[12/08/25 08:25:36:258][4950][A]:(00000026): RtcEngine::setParametersByTds(this:0x7fadfc098e50, {"parameters":{"rtc.ip_global_area":["150.136.108.158","129.146.188.240","148.153.48.240","2600:1f18:64ea:9401:50:17:126:121","2600:1f1c:9be:1702:52:52:84:170"]}})
